Arguments: 
  /snap/node/2566/bin/node /usr/share/yarn/bin/yarn.js config get registry

PATH: 
  /home/alexandre/.npm/_npx/14278/bin:/usr/local/sbin:/usr/local/bin:/usr/sbin:/usr/bin:/sbin:/bin:/usr/games:/usr/local/games:/snap/bin

Yarn version: 
  1.19.1

Node version: 
  13.3.0

Platform: 
  linux x64

Trace: 
  Error: EACCES: permission denied, write
      at writeSync (fs.js:603:3)
      at SyncWriteStream._write (internal/fs/sync_write_stream.js:24:3)
      at doWrite (_stream_writable.js:461:12)
      at writeOrBuffer (_stream_writable.js:443:5)
      at SyncWriteStream.Writable.write (_stream_writable.js:323:11)
      at ConsoleReporter._log (/usr/share/yarn/lib/cli.js:96624:17)
      at ConsoleReporter.log (/usr/share/yarn/lib/cli.js:96612:10)
      at get (/usr/share/yarn/lib/cli.js:87474:14)
      at Object.<anonymous> (/usr/share/yarn/lib/cli.js:25940:25)
      at Generator.next (<anonymous>)

npm manifest: 
  {
    "name": "eeld-react",
    "version": "0.1.0",
    "private": true
  }

yarn manifest: 
  No manifest

Lockfile: 
  No lockfile
